Start testing: Mar 07 17:55 MSK
----------------------------------------------------------
1/1 Testing: test_sort
1/1 Test: test_sort
Command: "/home/viktoria/HW/unit_test_example/test/test_sort"
Directory: /home/viktoria/HW/unit_test_example/test
"test_sort" start time: Mar 07 17:55 MSK
Output:
----------------------------------------------------------
[==========] Running 1 test from 1 test suite.
[----------] Global test environment set-up.
[----------] 1 test from ArraysEqual
[ RUN      ] ArraysEqual.AnyElementsCount
[       OK ] ArraysEqual.AnyElementsCount (0 ms)
[----------] 1 test from ArraysEqual (0 ms total)

[----------] Global test environment tear-down
[==========] 1 test from 1 test suite ran. (0 ms total)
[  PASSED  ] 1 test.
<end of output>
Test time =   0.01 sec
----------------------------------------------------------
Test Passed.
"test_sort" end time: Mar 07 17:55 MSK
"test_sort" time elapsed: 00:00:00
----------------------------------------------------------

End testing: Mar 07 17:55 MSK
